sample/speechDemo/build/intermediates/manifest_merge_blame_file/debug/manifest-merger-blame-debug-report.txt
1<?xml version="1.0" encoding="utf-8"?>
2<manifest xmlns:android="http://schemas.android.com/apk/res/android"
3    package="com.iflytek.voicedemo"
4    android:versionCode="1"
5    android:versionName="2.0.1018.1013" >
6
7    <uses-sdk
7-->src\main\AndroidManifest.xml:98:5-43
8        android:minSdkVersion="26"
8-->src\main\AndroidManifest.xml:98:15-40
9        android:targetSdkVersion="30" />
9-->src\main\AndroidManifest.xml:98:5-43
10
11    <uses-permission android:name="android.permission.RECORD_AUDIO" />
11-->src\main\AndroidManifest.xml:100:5-71
11-->src\main\AndroidManifest.xml:100:22-68
12    <uses-permission android:name="android.permission.INTERNET" />
12-->src\main\AndroidManifest.xml:101:5-67
12-->src\main\AndroidManifest.xml:101:22-64
13    <uses-permission android:name="android.permission.ACCESS_NETWORK_STATE" />
13-->src\main\AndroidManifest.xml:102:5-79
13-->src\main\AndroidManifest.xml:102:22-76
14    <uses-permission android:name="android.permission.ACCESS_WIFI_STATE" />
14-->src\main\AndroidManifest.xml:103:5-76
14-->src\main\AndroidManifest.xml:103:22-73
15    <uses-permission android:name="android.permission.CHANGE_NETWORK_STATE" />
15-->src\main\AndroidManifest.xml:104:5-79
15-->src\main\AndroidManifest.xml:104:22-76
16    <uses-permission android:name="android.permission.READ_PHONE_STATE" />
16-->src\main\AndroidManifest.xml:105:5-75
16-->src\main\AndroidManifest.xml:105:22-72
17    <uses-permission android:name="android.permission.ACCESS_FINE_LOCATION" />
17-->src\main\AndroidManifest.xml:106:5-79
17-->src\main\AndroidManifest.xml:106:22-76
18    <uses-permission android:name="android.permission.READ_CONTACTS" />
18-->src\main\AndroidManifest.xml:107:5-72
18-->src\main\AndroidManifest.xml:107:22-69
19    <uses-permission android:name="android.permission.WRITE_EXTERNAL_STORAGE" />
19-->src\main\AndroidManifest.xml:108:5-81
19-->src\main\AndroidManifest.xml:108:22-78
20    <uses-permission android:name="android.permission.WRITE_SETTINGS" />
20-->src\main\AndroidManifest.xml:109:2-70
20-->src\main\AndroidManifest.xml:109:19-67
21    <uses-permission android:name="android.permission.READ_EXTERNAL_STORAGE" />
21-->src\main\AndroidManifest.xml:110:2-77
21-->src\main\AndroidManifest.xml:110:19-74
22    <uses-permission android:name="android.permission.ACCESS_FINE_LOCATION" />
22-->src\main\AndroidManifest.xml:106:5-79
22-->src\main\AndroidManifest.xml:106:22-76
23    <uses-permission android:name="android.permission.ACCESS_COARSE_LOCATION" />
23-->src\main\AndroidManifest.xml:112:5-81
23-->src\main\AndroidManifest.xml:112:22-78
24
25    <application
25-->src\main\AndroidManifest.xml:7:5-96:19
26        android:name="com.iflytek.voicedemo.SpeechApp"
26-->src\main\AndroidManifest.xml:9:9-33
27        android:appComponentFactory="androidx.core.app.CoreComponentFactory"
27-->[androidx.core:core:1.0.0] AndroidManifest.xml:22:18-86
28        android:debuggable="true"
29        android:extractNativeLibs="false"
30        android:icon="@drawable/icon"
30-->src\main\AndroidManifest.xml:8:9-38
31        android:label="讯飞语音示例"
31-->src\main\AndroidManifest.xml:10:9-31
32        android:testOnly="true" >
33        <activity
33-->src\main\AndroidManifest.xml:11:9-22:20
34            android:name="com.iflytek.voicedemo.MainActivity"
34-->src\main\AndroidManifest.xml:12:13-62
35            android:configChanges="mcc|mnc|locale|touchscreen|keyboard|keyboardHidden|navigation|orientation|screenLayout|fontScale"
35-->src\main\AndroidManifest.xml:13:13-133
36            android:icon="@drawable/icon"
36-->src\main\AndroidManifest.xml:14:13-42
37            android:label="讯飞语音示例"
37-->src\main\AndroidManifest.xml:15:13-35
38            android:screenOrientation="portrait" >
38-->src\main\AndroidManifest.xml:16:13-49
39            <intent-filter>
39-->src\main\AndroidManifest.xml:17:13-21:29
40                <action android:name="android.intent.action.MAIN" />
40-->src\main\AndroidManifest.xml:18:17-69
40-->src\main\AndroidManifest.xml:18:25-66
41
42                <category android:name="android.intent.category.LAUNCHER" />
42-->src\main\AndroidManifest.xml:20:17-77
42-->src\main\AndroidManifest.xml:20:27-74
43            </intent-filter>
44        </activity>
45        <activity android:name="com.iflytek.speech.setting.TtsSettings" >
45-->src\main\AndroidManifest.xml:23:9-24:20
45-->src\main\AndroidManifest.xml:23:19-72
46        </activity>
47        <activity android:name="com.iflytek.speech.setting.IatSettings" >
47-->src\main\AndroidManifest.xml:25:9-26:20
47-->src\main\AndroidManifest.xml:25:19-72
48        </activity>
49        <activity
49-->src\main\AndroidManifest.xml:27:9-31:20
50            android:name="com.iflytek.voicedemo.IatDemo"
50-->src\main\AndroidManifest.xml:28:13-57
51            android:configChanges="mcc|mnc|locale|touchscreen|keyboard|keyboardHidden|navigation|orientation|screenLayout|fontScale"
51-->src\main\AndroidManifest.xml:29:13-133
52            android:screenOrientation="portrait" >
52-->src\main\AndroidManifest.xml:30:13-49
53        </activity>
54        <activity
54-->src\main\AndroidManifest.xml:32:9-36:20
55            android:name="com.iflytek.voicedemo.AsrDemo"
55-->src\main\AndroidManifest.xml:33:13-57
56            android:configChanges="mcc|mnc|locale|touchscreen|keyboard|keyboardHidden|navigation|orientation|screenLayout|fontScale"
56-->src\main\AndroidManifest.xml:34:13-133
57            android:screenOrientation="portrait" >
57-->src\main\AndroidManifest.xml:35:13-49
58        </activity>
59        <activity
59-->src\main\AndroidManifest.xml:37:9-41:20
60            android:name="com.iflytek.voicedemo.TtsDemo"
60-->src\main\AndroidManifest.xml:38:13-57
61            android:configChanges="mcc|mnc|locale|touchscreen|keyboard|keyboardHidden|navigation|orientation|screenLayout|fontScale"
61-->src\main\AndroidManifest.xml:39:13-133
62            android:screenOrientation="portrait" >
62-->src\main\AndroidManifest.xml:40:13-49
63        </activity>
64        <activity
64-->src\main\AndroidManifest.xml:42:9-46:20
65            android:name="com.iflytek.voicedemo.IseDemo"
65-->src\main\AndroidManifest.xml:43:13-57
66            android:configChanges="mcc|mnc|locale|touchscreen|keyboard|keyboardHidden|navigation|orientation|screenLayout|fontScale"
66-->src\main\AndroidManifest.xml:44:13-133
67            android:screenOrientation="portrait" >
67-->src\main\AndroidManifest.xml:45:13-49
68        </activity>
69        <activity
69-->src\main\AndroidManifest.xml:47:9-51:20
70            android:name="com.iflytek.voicedemo.vocalverify.VocalVerifyDemo"
70-->src\main\AndroidManifest.xml:48:13-77
71            android:configChanges="mcc|mnc|locale|touchscreen|keyboard|keyboardHidden|navigation|orientation|screenLayout|fontScale"
71-->src\main\AndroidManifest.xml:49:13-133
72            android:screenOrientation="portrait" >
72-->src\main\AndroidManifest.xml:50:13-49
73        </activity>
74        <activity
74-->src\main\AndroidManifest.xml:52:9-56:20
75            android:name="com.iflytek.voicedemo.faceonline.OnlineFaceDemo"
75-->src\main\AndroidManifest.xml:53:13-75
76            android:configChanges="mcc|mnc|locale|touchscreen|keyboard|keyboardHidden|navigation|orientation|screenLayout|fontScale"
76-->src\main\AndroidManifest.xml:54:13-133
77            android:screenOrientation="portrait" >
77-->src\main\AndroidManifest.xml:55:13-49
78        </activity>
79        <activity
79-->src\main\AndroidManifest.xml:57:9-61:20
80            android:name="com.iflytek.voicedemo.IdentifyGroup.GroupManagerActivity"
80-->src\main\AndroidManifest.xml:58:13-84
81            android:configChanges="mcc|mnc|locale|touchscreen|keyboard|keyboardHidden|navigation|orientation|screenLayout|fontScale"
81-->src\main\AndroidManifest.xml:59:13-133
82            android:screenOrientation="portrait" >
82-->src\main\AndroidManifest.xml:60:13-49
83        </activity>
84        <activity
84-->src\main\AndroidManifest.xml:62:9-66:20
85            android:name="com.iflytek.voicedemo.IdentifyGroup.FaceIdentifyActivity"
85-->src\main\AndroidManifest.xml:63:13-84
86            android:configChanges="mcc|mnc|locale|touchscreen|keyboard|keyboardHidden|navigation|orientation|screenLayout|fontScale"
86-->src\main\AndroidManifest.xml:64:13-133
87            android:screenOrientation="portrait" >
87-->src\main\AndroidManifest.xml:65:13-49
88        </activity>
89        <activity
89-->src\main\AndroidManifest.xml:67:9-71:20
90            android:name="com.iflytek.voicedemo.IdentifyGroup.VocalIdentifyActivity"
90-->src\main\AndroidManifest.xml:68:13-85
91            android:configChanges="mcc|mnc|locale|touchscreen|keyboard|keyboardHidden|navigation|orientation|screenLayout|fontScale"
91-->src\main\AndroidManifest.xml:69:13-133
92            android:screenOrientation="portrait" >
92-->src\main\AndroidManifest.xml:70:13-49
93        </activity>
94        <activity
94-->src\main\AndroidManifest.xml:72:9-76:20
95            android:name="com.iflytek.voicedemo.IdentifyGroup.ResultIdentifyActivity"
95-->src\main\AndroidManifest.xml:73:13-86
96            android:configChanges="mcc|mnc|locale|touchscreen|keyboard|keyboardHidden|navigation|orientation|screenLayout|fontScale"
96-->src\main\AndroidManifest.xml:74:13-133
97            android:screenOrientation="portrait" >
97-->src\main\AndroidManifest.xml:75:13-49
98        </activity>
99        <activity
99-->src\main\AndroidManifest.xml:77:9-81:20
100            android:name="com.iflytek.speech.setting.IseSettings"
100-->src\main\AndroidManifest.xml:78:13-66
101            android:configChanges="mcc|mnc|locale|touchscreen|keyboard|keyboardHidden|navigation|orientation|screenLayout|fontScale"
101-->src\main\AndroidManifest.xml:79:13-133
102            android:screenOrientation="portrait" >
102-->src\main\AndroidManifest.xml:80:13-49
103        </activity>
104        <activity
104-->src\main\AndroidManifest.xml:82:9-86:20
105            android:name="com.iflytek.speech.setting.UrlSettings"
105-->src\main\AndroidManifest.xml:83:13-66
106            android:configChanges="mcc|mnc|locale|touchscreen|keyboard|keyboardHidden|navigation|orientation|screenLayout|fontScale"
106-->src\main\AndroidManifest.xml:84:13-133
107            android:screenOrientation="portrait" >
107-->src\main\AndroidManifest.xml:85:13-49
108        </activity>
109        <!-- 移动统计分析 -->
110        <meta-data
110-->src\main\AndroidManifest.xml:88:9-90:42
111            android:name="IFLYTEK_APPKEY"
111-->src\main\AndroidManifest.xml:89:13-42
112            android:value="&apos;5cee406c&apos;" />
112-->src\main\AndroidManifest.xml:90:13-29
113        <meta-data
113-->src\main\AndroidManifest.xml:91:9-93:44
114            android:name="IFLYTEK_CHANNEL"
114-->src\main\AndroidManifest.xml:92:13-43
115            android:value="Android_Demo" />
115-->src\main\AndroidManifest.xml:93:13-41
116    </application>
117
118</manifest>